Build started 11/28/2014 11:07:05 PM.
     1>Project "C:\Users\Menyueru\Desktop\Barcamp2014\PathFinder\Pathfinder.vcxproj" on node 2 (Build target(s)).
     1>ClCompile:
         C:\Program Files (x86)\Microsoft Visual Studio 12.0\VC\bin\CL.exe /c /ZI /nologo /W3 /WX- /Od /Oy- /D WIN32 /D _DEBUG /D _WINDOWS /D _VC80_UPGRADE=0x0600 /D _MBCS /Gm /EHsc /RTC1 /MTd /GS /Gy- /fp:precise /Zc:wchar_t /Zc:forScope /Fo".\Debug\\" /Fd".\Debug\vc120.pdb" /FR".\Debug\\" /Gd /TP /analyze- /errorReport:prompt ..\Common\misc\Cgdi.cpp ..\Common\misc\WindowUtils.cpp ..\Common\Time\PrecisionTimer.cpp main.cpp Pathfinder.cpp
         Pathfinder.cpp
         main.cpp
         PrecisionTimer.cpp
         WindowUtils.cpp
         Cgdi.cpp
         Generating Code...
       ResourceCompile:
         C:\Program Files (x86)\Windows Kits\8.1\bin\x86\rc.exe /D _DEBUG /D _VC80_UPGRADE=0x0600 /l"0x0809" /nologo /fo".\Debug\toolbar.res" toolbar.rc 
       Link:
         C:\Program Files (x86)\Microsoft Visual Studio 12.0\VC\bin\link.exe /ERRORREPORT:PROMPT /OUT:".\Debug\Pathfinder.exe" /INCREMENTAL /NOLOGO comctl32.lib odbc32.lib odbccp32.lib kernel32.lib user32.lib gdi32.lib winspool.lib comdlg32.lib advapi32.lib shell32.lib ole32.lib oleaut32.lib uuid.lib odbc32.lib odbccp32.lib /MANIFEST /MANIFESTUAC:"level='asInvoker' uiAccess='false'" /manifest:embed /DEBUG /PDB:".\Debug\Pathfinder.pdb" /SUBSYSTEM:WINDOWS /TLBID:1 /DYNAMICBASE /NXCOMPAT /IMPLIB:".\Debug\Pathfinder.lib" /MACHINE:X86 /SAFESEH .\Debug\toolbar.res
         .\Debug\Cgdi.obj
         .\Debug\WindowUtils.obj
         .\Debug\PrecisionTimer.obj
         .\Debug\main.obj
         .\Debug\Pathfinder.obj
     1>Cgdi.obj : warning LNK4075: ignoring '/EDITANDCONTINUE' due to '/SAFESEH' specification
         Pathfinder.vcxproj -> C:\Users\Menyueru\Desktop\Barcamp2014\PathFinder\.\Debug\Pathfinder.exe
       BscMake:
         C:\Program Files (x86)\Microsoft Visual Studio 12.0\VC\bin\bscmake.exe /nologo /o".\Debug\Pathfinder.bsc" .\Debug\Cgdi.sbr .\Debug\WindowUtils.sbr .\Debug\PrecisionTimer.sbr .\Debug\main.sbr .\Debug\Pathfinder.sbr
     1>Done Building Project "C:\Users\Menyueru\Desktop\Barcamp2014\PathFinder\Pathfinder.vcxproj" (Build target(s)).

Build succeeded.

Time Elapsed 00:00:10.31
